-------------------------------------------------------------------------------
Test set: de.bielefeld.uni.cebitec.r2cat.UnimogExport.Model.ExportMainModelTest
-------------------------------------------------------------------------------
Tests run: 3, Failures: 2, Errors: 0, Skipped: 0, Time elapsed: 0.139 sec <<< FAILURE!
testRun(de.bielefeld.uni.cebitec.r2cat.UnimogExport.Model.ExportMainModelTest)  Time elapsed: 0.109 sec  <<< FAILURE!
junit.framework.AssertionFailedError: expected:<[de.bielefeld.uni.cebitec.r2cat.UnimogExport.Model.Cluster@544764a1, de.bielefeld.uni.cebitec.r2cat.UnimogExport.Model.Cluster@1b1fb141]> but was:<[de.bielefeld.uni.cebitec.r2cat.UnimogExport.Model.Cluster@3dae3050, de.bielefeld.uni.cebitec.r2cat.UnimogExport.Model.Cluster@76e5f3d2]>
	at junit.framework.Assert.fail(Assert.java:47)
	at junit.framework.Assert.failNotEquals(Assert.java:282)
	at junit.framework.Assert.assertEquals(Assert.java:64)
	at junit.framework.Assert.assertEquals(Assert.java:71)
	at de.bielefeld.uni.cebitec.r2cat.UnimogExport.Model.ExportMainModelTest.testConstruct(ExportMainModelTest.java:49)
	at de.bielefeld.uni.cebitec.r2cat.UnimogExport.Model.ExportMainModelTest.testRun(ExportMainModelTest.java:31)
warning(junit.framework.TestSuite$1)  Time elapsed: 0.002 sec  <<< FAILURE!
junit.framework.AssertionFailedError: Test method isn't public: testConstruct
	at junit.framework.Assert.fail(Assert.java:47)
	at junit.framework.TestSuite$1.runTest(TestSuite.java:263)
	at junit.framework.TestCase.runBare(TestCase.java:127)
	at junit.framework.TestResult$1.protect(TestResult.java:106)
	at junit.framework.TestResult.runProtected(TestResult.java:124)
	at junit.framework.TestResult.run(TestResult.java:109)
	at junit.framework.TestCase.run(TestCase.java:118)
	at junit.framework.TestSuite.runTest(TestSuite.java:208)
	at junit.framework.TestSuite.run(TestSuite.java:203)
	at sun.reflect.NativeMethodAccessorImpl.invoke0(Native Method)
	at sun.reflect.NativeMethodAccessorImpl.invoke(NativeMethodAccessorImpl.java:57)
	at sun.reflect.DelegatingMethodAccessorImpl.invoke(DelegatingMethodAccessorImpl.java:43)
	at java.lang.reflect.Method.invoke(Method.java:606)
	at org.apache.maven.surefire.junit.JUnitTestSet.execute(JUnitTestSet.java:96)
	at org.apache.maven.surefire.junit.JUnit3Provider.executeTestSet(JUnit3Provider.java:117)
	at org.apache.maven.surefire.junit.JUnit3Provider.invoke(JUnit3Provider.java:94)
	at sun.reflect.NativeMethodAccessorImpl.invoke0(Native Method)
	at sun.reflect.NativeMethodAccessorImpl.invoke(NativeMethodAccessorImpl.java:57)
	at sun.reflect.DelegatingMethodAccessorImpl.invoke(DelegatingMethodAccessorImpl.java:43)
	at java.lang.reflect.Method.invoke(Method.java:606)
	at org.apache.maven.surefire.util.ReflectionUtils.invokeMethodWithArray(ReflectionUtils.java:164)
	at org.apache.maven.surefire.booter.ProviderFactory$ProviderProxy.invoke(ProviderFactory.java:110)
	at org.apache.maven.surefire.booter.SurefireStarter.invokeProvider(SurefireStarter.java:175)
	at org.apache.maven.surefire.booter.SurefireStarter.runSuitesInProcessWhenForked(SurefireStarter.java:107)
	at org.apache.maven.surefire.booter.ForkedBooter.main(ForkedBooter.java:68)
